0 verbose cli /Users/ashlynlanaville/.jenkins/tools/jenkins.plugins.nodejs.tools.NodeJSInstallation/node18.7WithMocha/bin/node /Users/ashlynlanaville/.jenkins/tools/jenkins.plugins.nodejs.tools.NodeJSInstallation/node18.7WithMocha/bin/npm
1 info using npm@8.15.0
2 info using node@v18.7.0
3 timing npm:load:whichnode Completed in 0ms
4 timing config:load:defaults Completed in 1ms
5 timing config:load:file:/Users/ashlynlanaville/.jenkins/tools/jenkins.plugins.nodejs.tools.NodeJSInstallation/node18.7WithMocha/lib/node_modules/npm/npmrc Completed in 0ms
6 timing config:load:builtin Completed in 0ms
7 timing config:load:cli Completed in 1ms
8 timing config:load:env Completed in 0ms
9 timing config:load:file:/Users/selenium-js/.npmrc Completed in 0ms
10 timing config:load:project Completed in 1ms
11 timing config:load:file:/Users/ashlynlanaville/.npmrc Completed in 0ms
12 timing config:load:user Completed in 0ms
13 timing config:load:file:/Users/ashlynlanaville/.jenkins/tools/jenkins.plugins.nodejs.tools.NodeJSInstallation/node18.7WithMocha/etc/npmrc Completed in 0ms
14 timing config:load:global Completed in 0ms
15 timing config:load:validate Completed in 1ms
16 timing config:load:credentials Completed in 0ms
17 timing config:load:setEnvs Completed in 0ms
18 timing config:load Completed in 4ms
19 timing npm:load:configload Completed in 4ms
20 timing npm:load:mkdirpcache Completed in 2ms
21 timing npm:load:mkdirplogs Completed in 1ms
22 verbose title npm test --grep=@shallow
23 verbose argv "test" "--" "--grep=@shallow"
24 timing npm:load:setTitle Completed in 6ms
25 timing config:load:flatten Completed in 1ms
26 timing npm:load:display Completed in 2ms
27 verbose logfile logs-max:10 dir:/Users/selenium-js/.npm/_logs
28 verbose logfile /Users/selenium-js/.npm/_logs/2022-08-23T19_48_52_840Z-debug-0.log
29 timing npm:load:logFile Completed in 2ms
30 timing npm:load:timers Completed in 0ms
31 timing npm:load:configScope Completed in 0ms
32 timing npm:load Completed in 17ms
33 silly logfile done cleaning log files
34 timing command:run-script Completed in 14565ms
35 timing command:test Completed in 14567ms
36 verbose exit 0
37 timing npm Completed in 14587ms
38 info ok
